<?xml version="1.0" encoding="UTF-8"?>
<testsuite name="Registro completo de nuevos usuarios en la plataforma" tests="1" skipped="0" failures="1" errors="0" timestamp="2025-06-07T00:42:47" hostname="ANGIE" time="12.35">
  <properties/>
  <testcase name="Registro de usuario completando todos los pasos del formulario" classname="Registro completo de nuevos usuarios en la plataforma" time="12.35">
    <failure message="java.lang.AssertionError: class co.com.LOGIN.models.CredencialesPreLogin cannot be cast to class java.lang.String (co.com.LOGIN.models.CredencialesPreLogin is in unnamed module of loader 'app'; java.lang.String is in module java.base of loader 'bootstrap')" type="java.lang.AssertionError">java.lang.AssertionError: class co.com.LOGIN.models.CredencialesPreLogin cannot be cast to class java.lang.String (co.com.LOGIN.models.CredencialesPreLogin is in unnamed module of loader 'app'; java.lang.String is in module java.base of loader 'bootstrap')
	at net.serenitybdd.screenplay.ErrorTally.throwSummaryExceptionFrom(ErrorTally.java:36)
	at net.serenitybdd.screenplay.ErrorTally.reportAnyErrors(ErrorTally.java:30)
	at net.serenitybdd.screenplay.Actor.should(Actor.java:316)
	at co.com.LOGIN.stepsdefinitions.LoginStepDefinitions.debeSerRedirigidoALaVistaEnterAccountInformation(LoginStepDefinitions.java:34)
	at ✽.debe ser redirigido a la vista Enter Account Information(src/test/resources/features/LOGIN.feature:14)
</failure>
  </testcase>
  <system-out><![CDATA[]]></system-out>
  <system-err><![CDATA[jun. 06, 2025 7:42:47 P. M. org.openqa.selenium.remote.DesiredCapabilities chrome
INFO: Using `new ChromeOptions()` is preferred to `DesiredCapabilities.chrome()`
[Test worker] INFO net.serenitybdd.core.webdriver.driverproviders.ProvideNewDriver - Instantiating driver
[Test worker] INFO net.serenitybdd.core.webdriver.driverproviders.ProvideNewDriver - Driver capabilities: Capabilities {acceptInsecureCerts: false, browserName: chrome, goog:chromeOptions: {args: [], extensions: [], prefs: {behavior: allow}}, loggingPrefs: org.openqa.selenium.logging..., name: proyecto, platform: ANY, unhandledPromptBehavior: ignore, version: }
Starting ChromeDriver 136.0.7103.94 (fa0be0b33debeb378a8e6ad9c599be34e2dc3b37-refs/branch-heads/7103@{#1842}) on port 44221
Only local connections are allowed.
Please see https://chromedriver.chromium.org/security-considerations for suggestions on keeping ChromeDriver safe.
ChromeDriver was started successfully on port 44221.
[1749256969.643][WARNING]: This version of ChromeDriver has not been tested with Chrome version 137.
jun. 06, 2025 7:42:49 P. M. org.openqa.selenium.remote.ProtocolHandshake createSession
INFO: Detected dialect: W3C
[Test worker] ERROR net.thucydides.core.steps.ConsoleLoggingListener - 
           __  _____ _____ ____ _____   _____ _    ___ _     _____ ____  
  _       / / |_   _| ____/ ___|_   _| |  ___/ \  |_ _| |   | ____|  _ \ 
 (_)_____| |    | | |  _| \___ \ | |   | |_ / _ \  | || |   |  _| | | | |
  _|_____| |    | | | |___ ___) || |   |  _/ ___ \ | || |___| |___| |_| |
 (_)     | |    |_| |_____|____/ |_|   |_|/_/   \_\___|_____|_____|____/ 
          \_\                                                            

TEST FAILED WITH ERROR: Registro de usuario completando todos los pasos del formulario
---------------------------------------------------------------------
[Test worker] ERROR net.thucydides.core.steps.ConsoleLoggingListener - TEST FAILED AT STEP Then validacion pre login
[Test worker] ERROR net.thucydides.core.steps.ConsoleLoggingListener - class co.com.LOGIN.models.CredencialesPreLogin cannot be cast to class java.lang.String (co.com.LOGIN.models.CredencialesPreLogin is in unnamed module of loader 'app'; java.lang.String is in module java.base of loader 'bootstrap')
]]></system-err>
</testsuite>
